#
# There is insufficient memory for the Java Runtime Environment to continue.
# Native memory allocation (malloc) failed to allocate 32744 bytes for ChunkPool::allocate
# Possible reasons:
#   The system is out of physical RAM or swap space
#   The process is running with CompressedOops enabled, and the Java Heap may be blocking the growth of the native heap
# Possible solutions:
#   Reduce memory load on the system
#   Increase physical memory or swap space
#   Check if swap backing store is full
#   Decrease Java heap size (-Xmx/-Xms)
#   Decrease number of Java threads
#   Decrease Java thread stack sizes (-Xss)
#   Set larger code cache with -XX:ReservedCodeCacheSize=
#   JVM is running with Unscaled Compressed Oops mode in which the Java heap is
#     placed in the first 4GB address space. The Java Heap base address is the
#     maximum limit for the native heap growth. Please use -XX:HeapBaseMinAddress
#     to set the Java Heap base and to place the Java Heap above 4GB virtual address.
# This output file may be truncated or incomplete.
#
#  Out of Memory Error (t:/workspace/open/src/hotspot/share/memory/arena.cpp:81), pid=37292, tid=2440
#
# JRE version: Java(TM) SE Runtime Environment (11.0.3+12) (build 11.0.3+12-LTS)
# Java VM: Java HotSpot(TM) 64-Bit Server VM (11.0.3+12-LTS, mixed mode, tiered, compressed oops, g1 gc, windows-amd64)
# No core dump will be written. Minidumps are not enabled by default on client versions of Windows
#

---------------  S U M M A R Y ------------

Command Line: -Xmx64m -Xms64m -Dorg.gradle.appname=gradlew org.gradle.wrapper.GradleWrapperMain app:installRelease -PreactNativeDevServerPort=8081

Host: Intel(R) Core(TM) i7-9750H CPU @ 2.60GHz, 12 cores, 15G,  Windows 10 , 64 bit Build 22000 (10.0.22000.434)
Time: Thu Mar  3 05:58:56 2022 SE Asia Standard Time elapsed time: 110 seconds (0d 0h 1m 50s)

---------------  T H R E A D  ---------------

Current thread (0x000001d92fc9b000):  JavaThread "C2 CompilerThread0" daemon [_thread_in_native, id=2440, stack(0x0000007ad7400000,0x0000007ad7500000)]


Current CompileTask:
C2: 110667 1659       4       java.lang.AbstractStringBuilder::append (45 bytes)

Stack: [0x0000007ad7400000,0x0000007ad7500000]
Native frames: (J=compiled Java code, j=interpreted, Vv=VM code, C=native code)
V  [jvm.dll+0x63582a]
V  [jvm.dll+0x77360f]
V  [jvm.dll+0x774cba]
V  [jvm.dll+0x775373]
V  [jvm.dll+0x25e9c8]
V  [jvm.dll+0xc23fb]
V  [jvm.dll+0xc275c]
V  [jvm.dll+0xc22b0]
V  [jvm.dll+0x614abf]
V  [jvm.dll+0x667465]
V  [jvm.dll+0x1a980d]
V  [jvm.dll+0x218982]
V  [jvm.dll+0x217a1a]
V  [jvm.dll+0x194300]
V  [jvm.dll+0x2269df]
V  [jvm.dll+0x224fe8]
V  [jvm.dll+0x738aed]
V  [jvm.dll+0x6348c2]
C  [ucrtbase.dll+0x26c0c]
C  [KERNEL32.DLL+0x154e0]
C  [ntdll.dll+0x485b]


---------------  P R O C E S S  ---------------

Threads class SMR info:
_java_thread_list=0x000001d930cefd60, length=13, elements={
0x000001d914619000, 0x000001d92fc11000, 0x000001d92fc12000, 0x000001d92fc98000,
0x000001d92fc99000, 0x000001d92fc9b000, 0x000001d92fca9800, 0x000001d92fcab000,
0x000001d92ff50800, 0x000001d92ff58000, 0x000001d930e45800, 0x000001d930a57800,
0x000001d93131f000
}

Java Threads: ( => current thread )
  0x000001d914619000 JavaThread "main" [_thread_in_native, id=21528, stack(0x0000007ad6900000,0x0000007ad6a00000)]
  0x000001d92fc11000 JavaThread "Reference Handler" daemon [_thread_blocked, id=31012, stack(0x0000007ad7000000,0x0000007ad7100000)]
  0x000001d92fc12000 JavaThread "Finalizer" daemon [_thread_blocked, id=9488, stack(0x0000007ad7100000,0x0000007ad7200000)]
  0x000001d92fc98000 JavaThread "Signal Dispatcher" daemon [_thread_blocked, id=13276, stack(0x0000007ad7200000,0x0000007ad7300000)]
  0x000001d92fc99000 JavaThread "Attach Listener" daemon [_thread_blocked, id=35232, stack(0x0000007ad7300000,0x0000007ad7400000)]
=>0x000001d92fc9b000 JavaThread "C2 CompilerThread0" daemon [_thread_in_native, id=2440, stack(0x0000007ad7400000,0x0000007ad7500000)]
  0x000001d92fca9800 JavaThread "C1 CompilerThread0" daemon [_thread_blocked, id=47524, stack(0x0000007ad7500000,0x0000007ad7600000)]
  0x000001d92fcab000 JavaThread "Sweeper thread" daemon [_thread_blocked, id=9692, stack(0x0000007ad7600000,0x0000007ad7700000)]
  0x000001d92ff50800 JavaThread "Service Thread" daemon [_thread_blocked, id=30048, stack(0x0000007ad7700000,0x0000007ad7800000)]
  0x000001d92ff58000 JavaThread "Common-Cleaner" daemon [_thread_blocked, id=44368, stack(0x0000007ad7900000,0x0000007ad7a00000)]
  0x000001d930e45800 JavaThread "pool-1-thread-1" [_thread_blocked, id=50024, stack(0x0000007ad7d00000,0x0000007ad7e00000)]
  0x000001d930a57800 JavaThread "DisconnectableInputStream source reader" daemon [_thread_in_native, id=45716, stack(0x0000007ad7c00000,0x0000007ad7d00000)]
  0x000001d93131f000 JavaThread "Forward input" [_thread_blocked, id=33080, stack(0x0000007ad7e00000,0x0000007ad7f00000)]

Other Threads:
  0x000001d92fc0d800 VMThread "VM Thread" [stack: 0x0000007ad6f00000,0x0000007ad7000000] [id=1472]
  0x000001d92ff57000 WatcherThread [stack: 0x0000007ad7800000,0x0000007ad7900000] [id=33252]
  0x000001d91462f800 GCTaskThread "GC Thread#0" [stack: 0x0000007ad6a00000,0x0000007ad6b00000] [id=41256]
  0x000001d930b39800 GCTaskThread "GC Thread#1" [stack: 0x0000007ad7a00000,0x0000007ad7b00000] [id=42340]
  0x000001d914638800 ConcurrentGCThread "G1 Main Marker" [stack: 0x0000007ad6b00000,0x0000007ad6c00000] [id=24640]
  0x000001d91463a000 ConcurrentGCThread "G1 Conc#0" [stack: 0x0000007ad6c00000,0x0000007ad6d00000] [id=31196]
  0x000001d9146ad000 ConcurrentGCThread "G1 Refine#0" [stack: 0x0000007ad6d00000,0x0000007ad6e00000] [id=43776]
  0x000001d9146ae000 ConcurrentGCThread "G1 Young RemSet Sampling" [stack: 0x0000007ad6e00000,0x0000007ad6f00000] [id=26816]

Threads with active compile tasks:
C2 CompilerThread01659       4       java.lang.AbstractStringBuilder::append (45 bytes)

VM state:not at safepoint (normal execution)

VM Mutex/Monitor currently owned by a thread: None

Heap address: 0x00000000fc000000, size: 64 MB, Compressed Oops mode: 32-bit
Narrow klass base: 0x0000000000000000, Narrow klass shift: 3
Compressed class space size: 1073741824 Address: 0x0000000100000000

Heap:
 garbage-first heap   total 65536K, used 30568K [0x00000000fc000000, 0x0000000100000000)
  region size 1024K, 25 young (25600K), 3 survivors (3072K)
 Metaspace       used 16058K, capacity 16344K, committed 16640K, reserved 1064960K
  class space    used 1821K, capacity 1939K, committed 2048K, reserved 1048576K
Heap Regions: E=young(eden), S=young(survivor), O=old, HS=humongous(starts), HC=humongous(continues), CS=collection set, F=free, A=archive, TAMS=top-at-mark-start (previous, next)
|   0|0x00000000fc000000, 0x00000000fc000000, 0x00000000fc100000|  0%| F|  |TAMS 0x00000000fc000000, 0x00000000fc000000| Untracked 
|   1|0x00000000fc100000, 0x00000000fc100000, 0x00000000fc200000|  0%| F|  |TAMS 0x00000000fc100000, 0x00000000fc100000| Untracked 
|   2|0x00000000fc200000, 0x00000000fc200000, 0x00000000fc300000|  0%| F|  |TAMS 0x00000000fc200000, 0x00000000fc200000| Untracked 
|   3|0x00000000fc300000, 0x00000000fc400000, 0x00000000fc400000|100%|HS|  |TAMS 0x00000000fc300000, 0x00000000fc300000| Complete 
|   4|0x00000000fc400000, 0x00000000fc500000, 0x00000000fc500000|100%|HC|  |TAMS 0x00000000fc400000, 0x00000000fc400000| Complete 
|   5|0x00000000fc500000, 0x00000000fc600000, 0x00000000fc600000|100%|HC|  |TAMS 0x00000000fc500000, 0x00000000fc500000| Complete 
|   6|0x00000000fc600000, 0x00000000fc700000, 0x00000000fc700000|100%| O|  |TAMS 0x00000000fc600000, 0x00000000fc600000| Untracked 
|   7|0x00000000fc700000, 0x00000000fc800000, 0x00000000fc800000|100%| O|  |TAMS 0x00000000fc700000, 0x00000000fc700000| Untracked 
|   8|0x00000000fc800000, 0x00000000fc8da000, 0x00000000fc900000| 85%| O|  |TAMS 0x00000000fc800000, 0x00000000fc800000| Untracked 
|   9|0x00000000fc900000, 0x00000000fc900000, 0x00000000fca00000|  0%| F|  |TAMS 0x00000000fc900000, 0x00000000fc900000| Untracked 
|  10|0x00000000fca00000, 0x00000000fca00000, 0x00000000fcb00000|  0%| F|  |TAMS 0x00000000fca00000, 0x00000000fca00000| Untracked 
|  11|0x00000000fcb00000, 0x00000000fcb00000, 0x00000000fcc00000|  0%| F|  |TAMS 0x00000000fcb00000, 0x00000000fcb00000| Untracked 
|  12|0x00000000fcc00000, 0x00000000fcc00000, 0x00000000fcd00000|  0%| F|  |TAMS 0x00000000fcc00000, 0x00000000fcc00000| Untracked 
|  13|0x00000000fcd00000, 0x00000000fcd00000, 0x00000000fce00000|  0%| F|  |TAMS 0x00000000fcd00000, 0x00000000fcd00000| Untracked 
|  14|0x00000000fce00000, 0x00000000fce00000, 0x00000000fcf00000|  0%| F|  |TAMS 0x00000000fce00000, 0x00000000fce00000| Untracked 
|  15|0x00000000fcf00000, 0x00000000fcf00000, 0x00000000fd000000|  0%| F|  |TAMS 0x00000000fcf00000, 0x00000000fcf00000| Untracked 
|  16|0x00000000fd000000, 0x00000000fd000000, 0x00000000fd100000|  0%| F|  |TAMS 0x00000000fd000000, 0x00000000fd000000| Untracked 
|  17|0x00000000fd100000, 0x00000000fd100000, 0x00000000fd200000|  0%| F|  |TAMS 0x00000000fd100000, 0x00000000fd100000| Untracked 
|  18|0x00000000fd200000, 0x00000000fd200000, 0x00000000fd300000|  0%| F|  |TAMS 0x00000000fd200000, 0x00000000fd200000| Untracked 
|  19|0x00000000fd300000, 0x00000000fd300000, 0x00000000fd400000|  0%| F|  |TAMS 0x00000000fd300000, 0x00000000fd300000| Untracked 
|  20|0x00000000fd400000, 0x00000000fd400000, 0x00000000fd500000|  0%| F|  |TAMS 0x00000000fd400000, 0x00000000fd400000| Untracked 
|  21|0x00000000fd500000, 0x00000000fd500000, 0x00000000fd600000|  0%| F|  |TAMS 0x00000000fd500000, 0x00000000fd500000| Untracked 
|  22|0x00000000fd600000, 0x00000000fd600000, 0x00000000fd700000|  0%| F|  |TAMS 0x00000000fd600000, 0x00000000fd600000| Untracked 
|  23|0x00000000fd700000, 0x00000000fd700000, 0x00000000fd800000|  0%| F|  |TAMS 0x00000000fd700000, 0x00000000fd700000| Untracked 
|  24|0x00000000fd800000, 0x00000000fd800000, 0x00000000fd900000|  0%| F|  |TAMS 0x00000000fd800000, 0x00000000fd800000| Untracked 
|  25|0x00000000fd900000, 0x00000000fd900000, 0x00000000fda00000|  0%| F|  |TAMS 0x00000000fd900000, 0x00000000fd900000| Untracked 
|  26|0x00000000fda00000, 0x00000000fda00000, 0x00000000fdb00000|  0%| F|  |TAMS 0x00000000fda00000, 0x00000000fda00000| Untracked 
|  27|0x00000000fdb00000, 0x00000000fdb00000, 0x00000000fdc00000|  0%| F|  |TAMS 0x00000000fdb00000, 0x00000000fdb00000| Untracked 
|  28|0x00000000fdc00000, 0x00000000fdc00000, 0x00000000fdd00000|  0%| F|  |TAMS 0x00000000fdc00000, 0x00000000fdc00000| Untracked 
|  29|0x00000000fdd00000, 0x00000000fdd00000, 0x00000000fde00000|  0%| F|  |TAMS 0x00000000fdd00000, 0x00000000fdd00000| Untracked 
|  30|0x00000000fde00000, 0x00000000fde00000, 0x00000000fdf00000|  0%| F|  |TAMS 0x00000000fde00000, 0x00000000fde00000| Untracked 
|  31|0x00000000fdf00000, 0x00000000fdf00000, 0x00000000fe000000|  0%| F|  |TAMS 0x00000000fdf00000, 0x00000000fdf00000| Untracked 
|  32|0x00000000fe000000, 0x00000000fe000000, 0x00000000fe100000|  0%| F|  |TAMS 0x00000000fe000000, 0x00000000fe000000| Untracked 
|  33|0x00000000fe100000, 0x00000000fe100000, 0x00000000fe200000|  0%| F|  |TAMS 0x00000000fe100000, 0x00000000fe100000| Untracked 
|  34|0x00000000fe200000, 0x00000000fe200000, 0x00000000fe300000|  0%| F|  |TAMS 0x00000000fe200000, 0x00000000fe200000| Untracked 
|  35|0x00000000fe300000, 0x00000000fe300000, 0x00000000fe400000|  0%| F|  |TAMS 0x00000000fe300000, 0x00000000fe300000| Untracked 
|  36|0x00000000fe400000, 0x00000000fe400000, 0x00000000fe500000|  0%| F|  |TAMS 0x00000000fe400000, 0x00000000fe400000| Untracked 
|  37|0x00000000fe500000, 0x00000000fe600000, 0x00000000fe600000|100%| S|CS|TAMS 0x00000000fe500000, 0x00000000fe500000| Complete 
|  38|0x00000000fe600000, 0x00000000fe700000, 0x00000000fe700000|100%| S|CS|TAMS 0x00000000fe600000, 0x00000000fe600000| Complete 
|  39|0x00000000fe700000, 0x00000000fe800000, 0x00000000fe800000|100%| S|CS|TAMS 0x00000000fe700000, 0x00000000fe700000| Complete 
|  40|0x00000000fe800000, 0x00000000fe800000, 0x00000000fe900000|  0%| F|  |TAMS 0x00000000fe800000, 0x00000000fe800000| Untracked 
|  41|0x00000000fe900000, 0x00000000fe900000, 0x00000000fea00000|  0%| F|  |TAMS 0x00000000fe900000, 0x00000000fe900000| Untracked 
|  42|0x00000000fea00000, 0x00000000feab2080, 0x00000000feb00000| 69%| E|  |TAMS 0x00000000fea00000, 0x00000000fea00000| Complete 
|  43|0x00000000feb00000, 0x00000000fec00000, 0x00000000fec00000|100%| E|CS|TAMS 0x00000000feb00000, 0x00000000feb00000| Complete 
|  44|0x00000000fec00000, 0x00000000fed00000, 0x00000000fed00000|100%| E|CS|TAMS 0x00000000fec00000, 0x00000000fec00000| Complete 
|  45|0x00000000fed00000, 0x00000000fee00000, 0x00000000fee00000|100%| E|CS|TAMS 0x00000000fed00000, 0x00000000fed00000| Complete 
|  46|0x00000000fee00000, 0x00000000fef00000, 0x00000000fef00000|100%| E|CS|TAMS 0x00000000fee00000, 0x00000000fee00000| Complete 
|  47|0x00000000fef00000, 0x00000000ff000000, 0x00000000ff000000|100%| E|CS|TAMS 0x00000000fef00000, 0x00000000fef00000| Complete 
|  48|0x00000000ff000000, 0x00000000ff100000, 0x00000000ff100000|100%| E|CS|TAMS 0x00000000ff000000, 0x00000000ff000000| Complete 
|  49|0x00000000ff100000, 0x00000000ff200000, 0x00000000ff200000|100%| E|CS|TAMS 0x00000000ff100000, 0x00000000ff100000| Complete 
|  50|0x00000000ff200000, 0x00000000ff300000, 0x00000000ff300000|100%| E|CS|TAMS 0x00000000ff200000, 0x00000000ff200000| Complete 
|  51|0x00000000ff300000, 0x00000000ff400000, 0x00000000ff400000|100%| E|CS|TAMS 0x00000000ff300000, 0x00000000ff300000| Complete 
|  52|0x00000000ff400000, 0x00000000ff500000, 0x00000000ff500000|100%| E|CS|TAMS 0x00000000ff400000, 0x00000000ff400000| Complete 
|  53|0x00000000ff500000, 0x00000000ff600000, 0x00000000ff600000|100%| E|CS|TAMS 0x00000000ff500000, 0x00000000ff500000| Complete 
|  54|0x00000000ff600000, 0x00000000ff700000, 0x00000000ff700000|100%| E|CS|TAMS 0x00000000ff600000, 0x00000000ff600000| Complete 
|  55|0x00000000ff700000, 0x00000000ff800000, 0x00000000ff800000|100%| E|CS|TAMS 0x00000000ff700000, 0x00000000ff700000| Complete 
|  56|0x00000000ff800000, 0x00000000ff900000, 0x00000000ff900000|100%| E|CS|TAMS 0x00000000ff800000, 0x00000000ff800000| Complete 
|  57|0x00000000ff900000, 0x00000000ffa00000, 0x00000000ffa00000|100%| E|CS|TAMS 0x00000000ff900000, 0x00000000ff900000| Complete 
|  58|0x00000000ffa00000, 0x00000000ffb00000, 0x00000000ffb00000|100%| E|CS|TAMS 0x00000000ffa00000, 0x00000000ffa00000| Complete 
|  59|0x00000000ffb00000, 0x00000000ffc00000, 0x00000000ffc00000|100%| E|CS|TAMS 0x00000000ffb00000, 0x00000000ffb00000| Complete 
|  60|0x00000000ffc00000, 0x00000000ffd00000, 0x00000000ffd00000|100%| E|CS|TAMS 0x00000000ffc00000, 0x00000000ffc00000| Complete 
|  61|0x00000000ffd00000, 0x00000000ffe00000, 0x00000000ffe00000|100%| E|CS|TAMS 0x00000000ffd00000, 0x00000000ffd00000| Complete 
|  62|0x00000000ffe00000, 0x00000000fff00000, 0x00000000fff00000|100%| E|CS|TAMS 0x00000000ffe00000, 0x00000000ffe00000| Complete 
|  63|0x00000000fff00000, 0x0000000100000000, 0x0000000100000000|100%| E|CS|TAMS 0x00000000fff00000, 0x00000000fff00000| Complete 

Card table byte_map: [0x000001d912dc0000,0x000001d912de0000] _byte_map_base: 0x000001d9125e0000

Marking Bits (Prev, Next): (CMBitMap*) 0x000001d914637b28, (CMBitMap*) 0x000001d914637b60
 Prev Bits: [0x000001d92c620000, 0x000001d92c720000)
 Next Bits: [0x000001d92c720000, 0x000001d92c820000)

Polling page: 0x000001d912c70000

Metaspace:

Usage:
  Non-class:     14.07 MB capacity,    13.90 MB ( 99%) used,   145.63 KB (  1%) free+waste,    22.63 KB ( <1%) overhead. 
      Class:      1.89 MB capacity,     1.78 MB ( 94%) used,   106.13 KB (  5%) free+waste,    10.94 KB ( <1%) overhead. 
       Both:     15.96 MB capacity,    15.68 MB ( 98%) used,   251.75 KB (  2%) free+waste,    33.56 KB ( <1%) overhead. 

Virtual space:
  Non-class space:       16.00 MB reserved,      14.25 MB ( 89%) committed 
      Class space:        1.00 GB reserved,       2.00 MB ( <1%) committed 
             Both:        1.02 GB reserved,      16.25 MB (  2%) committed 

Chunk freelists:
   Non-Class:  7.38 KB
       Class:  1.63 KB
        Both:  9.00 KB

CodeHeap 'non-profiled nmethods': size=120000Kb used=568Kb max_used=568Kb free=119431Kb
 bounds [0x000001d924430000, 0x000001d9246a0000, 0x000001d92b960000]
CodeHeap 'profiled nmethods': size=120000Kb used=3003Kb max_used=3007Kb free=116997Kb
 bounds [0x000001d91cf00000, 0x000001d91d200000, 0x000001d924430000]
CodeHeap 'non-nmethods': size=5760Kb used=1104Kb max_used=1119Kb free=4656Kb
 bounds [0x000001d91c960000, 0x000001d91cbd0000, 0x000001d91cf00000]
 total_blobs=2428 nmethods=1537 adapters=332
 compilation: enabled
              stopped_count=0, restarted_count=0
 full_count=0

Compilation events (10 events):
Event: 92.543 Thread 0x000001d92fca9800 nmethod 1654 0x000001d91d1f0f10 code [0x000001d91d1f10e0, 0x000001d91d1f12d0]
Event: 105.535 Thread 0x000001d92fc9b000 1655       4       java.util.HashMap$HashIterator::<init> (79 bytes)
Event: 105.544 Thread 0x000001d92fc9b000 nmethod 1655 0x000001d9244bde10 code [0x000001d9244bdfa0, 0x000001d9244be358]
Event: 110.617 Thread 0x000001d92fca9800 1656       3       com.esotericsoftware.kryo.io.Input::readUtf8 (90 bytes)
Event: 110.618 Thread 0x000001d92fca9800 nmethod 1656 0x000001d91cf0e090 code [0x000001d91cf0e280, 0x000001d91cf0e6e0]
Event: 110.648 Thread 0x000001d92fc9b000 1657       4       java.nio.Buffer::position (55 bytes)
Event: 110.649 Thread 0x000001d92fca9800 1658       3       org.gradle.internal.logging.text.AbstractStyledTextOutput::style (20 bytes)
Event: 110.649 Thread 0x000001d92fca9800 nmethod 1658 0x000001d91cf0db10 code [0x000001d91cf0dce0, 0x000001d91cf0dfb0]
Event: 110.650 Thread 0x000001d92fc9b000 nmethod 1657 0x000001d9244be490 code [0x000001d9244be620, 0x000001d9244be6f8]
Event: 110.650 Thread 0x000001d92fc9b000 1659       4       java.lang.AbstractStringBuilder::append (45 bytes)

GC Heap History (2 events):
Event: 0.922 GC heap before
{Heap before GC invocations=0 (full 0):
 garbage-first heap   total 65536K, used 29696K [0x00000000fc000000, 0x0000000100000000)
  region size 1024K, 24 young (24576K), 0 survivors (0K)
 Metaspace       used 10629K, capacity 10809K, committed 11008K, reserved 1058816K
  class space    used 1107K, capacity 1177K, committed 1280K, reserved 1048576K
}
Event: 0.929 GC heap after
{Heap after GC invocations=1 (full 0):
 garbage-first heap   total 65536K, used 9064K [0x00000000fc000000, 0x0000000100000000)
  region size 1024K, 3 young (3072K), 3 survivors (3072K)
 Metaspace       used 10629K, capacity 10809K, committed 11008K, reserved 1058816K
  class space    used 1107K, capacity 1177K, committed 1280K, reserved 1048576K
}

Deoptimization events (10 events):
Event: 0.855 Thread 0x000001d914619000 Uncommon trap: reason=class_check action=maybe_recompile pc=0x000001d92444b36c method=java.util.regex.Matcher.match(II)Z @ 121 c2
Event: 0.999 Thread 0x000001d914619000 Uncommon trap: reason=unstable_if action=reinterpret pc=0x000001d924450194 method=java.io.WinNTFileSystem.resolve(Ljava/lang/String;Ljava/lang/String;)Ljava/lang/String; @ 70 c2
Event: 1.261 Thread 0x000001d914619000 Uncommon trap: reason=unstable_if action=reinterpret pc=0x000001d92447a7e0 method=java.util.HashMap.getNode(ILjava/lang/Object;)Ljava/util/HashMap$Node; @ 129 c2
Event: 2.342 Thread 0x000001d914619000 Uncommon trap: reason=unstable_if action=reinterpret pc=0x000001d924463f08 method=java.lang.AbstractStringBuilder.append(Ljava/lang/String;)Ljava/lang/AbstractStringBuilder; @ 1 c2
Event: 2.343 Thread 0x000001d914619000 Uncommon trap: reason=unstable_if action=reinterpret pc=0x000001d92446c4f0 method=java.lang.AbstractStringBuilder.append(Ljava/lang/String;)Ljava/lang/AbstractStringBuilder; @ 1 c2
Event: 52.057 Thread 0x000001d914619000 Uncommon trap: reason=unstable_if action=reinterpret pc=0x000001d9244afca0 method=com.esotericsoftware.kryo.io.Input.readUtf8(I)V @ 79 c2
Event: 52.067 Thread 0x000001d914619000 Uncommon trap: reason=unstable_if action=reinterpret pc=0x000001d9244b35b4 method=com.esotericsoftware.kryo.io.Input.readUtf8_slow(II)V @ 13 c2
Event: 53.833 Thread 0x000001d930e45800 Uncommon trap: reason=unstable_if action=reinterpret pc=0x000001d9244a80a0 method=org.gradle.internal.logging.text.AbstractLineChoppingStyledTextOutput$2.execute(Lorg/gradle/internal/logging/text/AbstractLineChoppingStyledTextOutput$StateContext;)V @ 30 c
Event: 53.833 Thread 0x000001d930e45800 Uncommon trap: reason=unstable_if action=reinterpret pc=0x000001d9244a8d98 method=org.gradle.internal.logging.text.AbstractLineChoppingStyledTextOutput$2.execute(Lorg/gradle/internal/logging/text/AbstractLineChoppingStyledTextOutput$StateContext;)V @ 30 c
Event: 53.833 Thread 0x000001d930e45800 Uncommon trap: reason=unstable_if action=reinterpret pc=0x000001d9244a98b8 method=org.gradle.internal.logging.text.AbstractLineChoppingStyledTextOutput$2.execute(Lorg/gradle/internal/logging/text/AbstractLineChoppingStyledTextOutput$StateContext;)V @ 30 c

Classes redefined (0 events):
No events

Internal exceptions (10 events):
Event: 0.895 Thread 0x000001d914619000 Exception <a 'java/lang/NoClassDefFoundError'{0x00000000fe997330}: org/slf4j/impl/StaticMarkerBinder> (0x00000000fe997330) thrown at [t:/workspace/open/src/hotspot/share/classfile/systemDictionary.cpp, line 220]
Event: 0.907 Thread 0x000001d914619000 Exception <a 'java/lang/NoSuchMethodError'{0x00000000fe84ffe0}: java.lang.invoke.DirectMethodHandle$Holder.invokeVirtual(Ljava/lang/Object;Ljava/lang/Object;Ljava/lang/Object;Ljava/lang/Object;Ljava/lang/Object;Ljava/lang/Object;Ljava/lang/Object;)Ljava/l
Event: 0.909 Thread 0x000001d914619000 Exception <a 'java/lang/NoSuchMethodError'{0x00000000fe85e4f0}: java.lang.invoke.Invokers$Holder.invoker(Ljava/lang/Object;Ljava/lang/Object;Ljava/lang/Object;)Ljava/lang/Object;> (0x00000000fe85e4f0) thrown at [t:/workspace/open/src/hotspot/share/interpr
Event: 0.912 Thread 0x000001d914619000 Exception <a 'java/lang/NoSuchMethodError'{0x00000000fe86f6d0}: java.lang.invoke.DelegatingMethodHandle$Holder.delegate(Ljava/lang/Object;Ljava/lang/Object;ILjava/lang/Object;)V> (0x00000000fe86f6d0) thrown at [t:/workspace/open/src/hotspot/share/interpre
Event: 1.095 Thread 0x000001d914619000 Exception <a 'java/lang/NoSuchMethodError'{0x00000000ff944898}: java.lang.invoke.DirectMethodHandle$Holder.invokeInterface(Ljava/lang/Object;Ljava/lang/Object;Ljava/lang/Object;)Ljava/lang/Object;> (0x00000000ff944898) thrown at [t:/workspace/open/src/hot
Event: 1.172 Thread 0x000001d914619000 Exception <a 'java/lang/NoSuchMethodError'{0x00000000ff7990b8}: java.lang.invoke.DirectMethodHandle$Holder.invokeStaticInit(Ljava/lang/Object;Ljava/lang/Object;Ljava/lang/Object;)Ljava/lang/Object;> (0x00000000ff7990b8) thrown at [t:/workspace/open/src/ho
Event: 1.282 Thread 0x000001d914619000 Exception <a 'java/lang/NoSuchMethodError'{0x00000000ff2abe38}: java.lang.invoke.DirectMethodHandle$Holder.invokeStaticInit(Ljava/lang/Object;IIII)Ljava/lang/Object;> (0x00000000ff2abe38) thrown at [t:/workspace/open/src/hotspot/share/interpreter/linkReso
Event: 1.742 Thread 0x000001d914619000 Exception <a 'java/lang/NoSuchMethodError'{0x00000000ff1374a0}: java.lang.invoke.DirectMethodHandle$Holder.invokeStaticInit(Ljava/lang/Object;Ljava/lang/Object;IIII)Ljava/lang/Object;> (0x00000000ff1374a0) thrown at [t:/workspace/open/src/hotspot/share/in
Event: 2.342 Thread 0x000001d914619000 Implicit null exception at 0x000001d9244639f4 to 0x000001d924463eee
Event: 2.343 Thread 0x000001d914619000 Implicit null exception at 0x000001d92446bff4 to 0x000001d92446c4d6

Events (10 events):
Event: 53.943 Thread 0x000001d930e45800 DEOPT PACKING pc=0x000001d91d08f39c sp=0x0000007ad7dfe2a0
Event: 53.943 Thread 0x000001d930e45800 DEOPT UNPACKING pc=0x000001d91c988d4e sp=0x0000007ad7dfd760 mode 0
Event: 53.955 Thread 0x000001d930e45800 DEOPT PACKING pc=0x000001d91d154558 sp=0x0000007ad7dfdb80
Event: 53.955 Thread 0x000001d930e45800 DEOPT UNPACKING pc=0x000001d91c988d4e sp=0x0000007ad7dfd0e8 mode 0
Event: 105.544 Thread 0x000001d92fcab000 flushing nmethod 0x000001d91cf0b990
Event: 105.544 Thread 0x000001d92fcab000 flushing nmethod 0x000001d91cf36690
Event: 105.544 Thread 0x000001d92fcab000 flushing nmethod 0x000001d91cf3a410
Event: 105.545 Thread 0x000001d92fcab000 flushing nmethod 0x000001d91cf73e90
Event: 105.545 Thread 0x000001d92fcab000 flushing nmethod 0x000001d91cf7d410
Event: 105.545 Thread 0x000001d92fcab000 flushing nmethod 0x000001d91cfa8b90


Dynamic libraries:
0x00007ff607f60000 - 0x00007ff607fa7000 	C:\Program Files\Java\jdk-11.0.3\bin\java.exe
0x00007ff9bad40000 - 0x00007ff9baf49000 	C:\WINDOWS\SYSTEM32\ntdll.dll
0x00007ff9b9f30000 - 0x00007ff9b9fed000 	C:\WINDOWS\System32\KERNEL32.DLL
0x00007ff9b8230000 - 0x00007ff9b85a4000 	C:\WINDOWS\System32\KERNELBASE.dll
0x00007ff9babe0000 - 0x00007ff9bac8e000 	C:\WINDOWS\System32\ADVAPI32.dll
0x00007ff9b8be0000 - 0x00007ff9b8c83000 	C:\WINDOWS\System32\msvcrt.dll
0x00007ff9b8c90000 - 0x00007ff9b8d2e000 	C:\WINDOWS\System32\sechost.dll
0x00007ff9b8fd0000 - 0x00007ff9b90f0000 	C:\WINDOWS\System32\RPCRT4.dll
0x00007ff9b9150000 - 0x00007ff9b92fc000 	C:\WINDOWS\System32\USER32.dll
0x00007ff9b8aa0000 - 0x00007ff9b8ac6000 	C:\WINDOWS\System32\win32u.dll
0x00007ff9bac90000 - 0x00007ff9bacb9000 	C:\WINDOWS\System32\GDI32.dll
0x00007ff9b8630000 - 0x00007ff9b8742000 	C:\WINDOWS\System32\gdi32full.dll
0x00007ff9b8ad0000 - 0x00007ff9b8b6d000 	C:\WINDOWS\System32\msvcp_win.dll
0x00007ff9b8810000 - 0x00007ff9b8921000 	C:\WINDOWS\System32\ucrtbase.dll
0x00007ff997420000 - 0x00007ff9976c5000 	C:\WINDOWS\WinSxS\amd64_microsoft.windows.common-controls_6595b64144ccf1df_6.0.22000.120_none_9d947278b86cc467\COMCTL32.dll
0x00007ff9b1990000 - 0x00007ff9b199a000 	C:\WINDOWS\SYSTEM32\VERSION.dll
0x00007ff9bacc0000 - 0x00007ff9bacf1000 	C:\WINDOWS\System32\IMM32.DLL
0x00007ff98e060000 - 0x00007ff98e076000 	C:\Program Files\Java\jdk-11.0.3\bin\vcruntime140.dll
0x00007ff988bb0000 - 0x00007ff988c5a000 	C:\Program Files\Java\jdk-11.0.3\bin\msvcp140.dll
0x00007ff927510000 - 0x00007ff928037000 	C:\Program Files\Java\jdk-11.0.3\bin\server\jvm.dll
0x00007ff9b9ff0000 - 0x00007ff9b9ff8000 	C:\WINDOWS\System32\PSAPI.DLL
0x00007ff9b2900000 - 0x00007ff9b2933000 	C:\WINDOWS\SYSTEM32\WINMM.dll
0x00007ff99c750000 - 0x00007ff99c759000 	C:\WINDOWS\SYSTEM32\WSOCK32.dll
0x00007ff9ba100000 - 0x00007ff9ba16f000 	C:\WINDOWS\System32\WS2_32.dll
0x00007ff9b73e0000 - 0x00007ff9b73f8000 	C:\WINDOWS\SYSTEM32\kernel.appcore.dll
0x00007ff98cdd0000 - 0x00007ff98cde1000 	C:\Program Files\Java\jdk-11.0.3\bin\verify.dll
0x00007ff9b5cf0000 - 0x00007ff9b5f11000 	C:\WINDOWS\SYSTEM32\DBGHELP.DLL
0x00007ff99fd90000 - 0x00007ff99fdc1000 	C:\WINDOWS\SYSTEM32\dbgcore.DLL
0x00007ff9b85b0000 - 0x00007ff9b862f000 	C:\WINDOWS\System32\bcryptPrimitives.dll
0x00007ff98a8f0000 - 0x00007ff98a919000 	C:\Program Files\Java\jdk-11.0.3\bin\java.dll
0x00007ff98a610000 - 0x00007ff98a626000 	C:\Program Files\Java\jdk-11.0.3\bin\zip.dll
0x00007ff9ac060000 - 0x00007ff9ac06a000 	C:\Program Files\Java\jdk-11.0.3\bin\jimage.dll
0x00007ff9b9660000 - 0x00007ff9b9e0e000 	C:\WINDOWS\System32\SHELL32.dll
0x00007ff9b6320000 - 0x00007ff9b6b87000 	C:\WINDOWS\SYSTEM32\windows.storage.dll
0x00007ff9ba860000 - 0x00007ff9babd8000 	C:\WINDOWS\System32\combase.dll
0x00007ff9b61b0000 - 0x00007ff9b6316000 	C:\WINDOWS\SYSTEM32\wintypes.dll
0x00007ff9ba000000 - 0x00007ff9ba0ea000 	C:\WINDOWS\System32\SHCORE.dll
0x00007ff9b90f0000 - 0x00007ff9b914d000 	C:\WINDOWS\System32\shlwapi.dll
0x00007ff9b8160000 - 0x00007ff9b8181000 	C:\WINDOWS\SYSTEM32\profapi.dll
0x00007ff98a1e0000 - 0x00007ff98a1f9000 	C:\Program Files\Java\jdk-11.0.3\bin\net.dll
0x00007ff9b1fc0000 - 0x00007ff9b21ae000 	C:\WINDOWS\SYSTEM32\urlmon.dll
0x00007ff9b2530000 - 0x00007ff9b263c000 	C:\WINDOWS\SYSTEM32\WINHTTP.dll
0x00007ff9b1ca0000 - 0x00007ff9b1f52000 	C:\WINDOWS\SYSTEM32\iertutil.dll
0x00007ff9b1f90000 - 0x00007ff9b1fb8000 	C:\WINDOWS\SYSTEM32\srvcli.dll
0x00007ff9b6da0000 - 0x00007ff9b6dac000 	C:\WINDOWS\SYSTEM32\netutils.dll
0x00007ff9b7810000 - 0x00007ff9b7877000 	C:\WINDOWS\system32\mswsock.dll
0x00007ff988b90000 - 0x00007ff988ba3000 	C:\Program Files\Java\jdk-11.0.3\bin\nio.dll
0x00007ff99ebe0000 - 0x00007ff99ec07000 	C:\Users\Hampton\.gradle\native\8bec1ad78214c89d9ad589b4d07fe93259594b29d510b10fafb7a158f7737e5d\windows-amd64\native-platform.dll
0x00007ff98d330000 - 0x00007ff98d46d000 	C:\Users\Hampton\.gradle\native\53dbd7edfb1c66fb8903c78663c9afc45aea4f116125fa6feffd364cf09443e8\windows-amd64\native-platform-file-events.dll
0x00007ff9a5b80000 - 0x00007ff9a5b8a000 	C:\Users\Hampton\.gradle\native\jansi\1.18\windows64\jansi.dll
0x00007ff9a6f70000 - 0x00007ff9a6f79000 	C:\Program Files\Java\jdk-11.0.3\bin\management.dll
0x00007ff9a0940000 - 0x00007ff9a094c000 	C:\Program Files\Java\jdk-11.0.3\bin\management_ext.dll
0x00007ff9b7a90000 - 0x00007ff9b7aa8000 	C:\WINDOWS\SYSTEM32\CRYPTSP.dll
0x00007ff9b7340000 - 0x00007ff9b7375000 	C:\WINDOWS\system32\rsaenh.dll
0x00007ff9b7920000 - 0x00007ff9b7949000 	C:\WINDOWS\SYSTEM32\USERENV.dll
0x00007ff9b7c10000 - 0x00007ff9b7c37000 	C:\WINDOWS\SYSTEM32\bcrypt.dll
0x00007ff9b7ab0000 - 0x00007ff9b7abc000 	C:\WINDOWS\SYSTEM32\CRYPTBASE.dll
0x00007ff9b6f10000 - 0x00007ff9b6f3d000 	C:\WINDOWS\SYSTEM32\IPHLPAPI.DLL
0x00007ff9b8d50000 - 0x00007ff9b8d59000 	C:\WINDOWS\System32\NSI.dll
0x00007ff9b22f0000 - 0x00007ff9b2309000 	C:\WINDOWS\SYSTEM32\dhcpcsvc6.DLL
0x00007ff9b28e0000 - 0x00007ff9b28fe000 	C:\WINDOWS\SYSTEM32\dhcpcsvc.DLL
0x00007ff9b6f40000 - 0x00007ff9b7027000 	C:\WINDOWS\SYSTEM32\DNSAPI.dll

dbghelp: loaded successfully - version: 4.0.5 - missing functions: none
symbol engine: initialized successfully - sym options: 0x614 - pdb path: .;C:\Program Files\Java\jdk-11.0.3\bin;C:\WINDOWS\SYSTEM32;C:\WINDOWS\WinSxS\amd64_microsoft.windows.common-controls_6595b64144ccf1df_6.0.22000.120_none_9d947278b86cc467;C:\Program Files\Java\jdk-11.0.3\bin\server;C:\Users\Hampton\.gradle\native\8bec1ad78214c89d9ad589b4d07fe93259594b29d510b10fafb7a158f7737e5d\windows-amd64;C:\Users\Hampton\.gradle\native\53dbd7edfb1c66fb8903c78663c9afc45aea4f116125fa6feffd364cf09443e8\windows-amd64;C:\Users\Hampton\.gradle\native\jansi\1.18\windows64

VM Arguments:
jvm_args: -Xmx64m -Xms64m -Dorg.gradle.appname=gradlew 
java_command: org.gradle.wrapper.GradleWrapperMain app:installRelease -PreactNativeDevServerPort=8081
java_class_path (initial): C:\Users\Hampton\Desktop\Rohan\part_time\mobile\sekilasaja-mobile\android\\gradle\wrapper\gradle-wrapper.jar
Launcher Type: SUN_STANDARD

[Global flags]
     intx CICompilerCount                          = 4                                         {product} {ergonomic}
     uint ConcGCThreads                            = 3                                         {product} {ergonomic}
     uint G1ConcRefinementThreads                  = 10                                        {product} {ergonomic}
   size_t G1HeapRegionSize                         = 1048576                                   {product} {ergonomic}
    uintx GCDrainStackTargetSize                   = 64                                        {product} {ergonomic}
   size_t InitialHeapSize                          = 67108864                                  {product} {command line}
   size_t MarkStackSize                            = 4194304                                   {product} {ergonomic}
   size_t MaxHeapSize                              = 67108864                                  {product} {command line}
   size_t MaxNewSize                               = 39845888                                  {product} {ergonomic}
   size_t MinHeapDeltaBytes                        = 1048576                                   {product} {ergonomic}
    uintx NonNMethodCodeHeapSize                   = 5835340                                {pd product} {ergonomic}
    uintx NonProfiledCodeHeapSize                  = 122911450                              {pd product} {ergonomic}
    uintx ProfiledCodeHeapSize                     = 122911450                              {pd product} {ergonomic}
    uintx ReservedCodeCacheSize                    = 251658240                              {pd product} {ergonomic}
     bool SegmentedCodeCache                       = true                                      {product} {ergonomic}
     bool UseCompressedClassPointers               = true                                 {lp64_product} {ergonomic}
     bool UseCompressedOops                        = true                                 {lp64_product} {ergonomic}
     bool UseG1GC                                  = true                                      {product} {ergonomic}
     bool UseLargePagesIndividualAllocation        = false                                  {pd product} {ergonomic}

Logging:
Log output configuration:
 #0: stdout all=warning uptime,level,tags
 #1: stderr all=off uptime,level,tags

Environment Variables:
JAVA_HOME=C:\Program Files\Java\jdk-11.0.3
CLASSPATH=C:\Users\Hampton\Desktop\Rohan\part_time\mobile\sekilasaja-mobile\android\\gradle\wrapper\gradle-wrapper.jar
PATH=C:\Users\Hampton\Desktop\Rohan\part_time\mobile\sekilasaja-mobile\android\node_modules\.bin;C:\Users\Hampton\Desktop\Rohan\part_time\mobile\sekilasaja-mobile\node_modules\.bin;C:\Users\Hampton\Desktop\Rohan\part_time\mobile\node_modules\.bin;C:\Users\Hampton\Desktop\Rohan\part_time\node_modules\.bin;C:\Users\Hampton\Desktop\Rohan\node_modules\.bin;C:\Users\Hampton\Desktop\node_modules\.bin;C:\Users\Hampton\node_modules\.bin;C:\Users\node_modules\.bin;C:\node_modules\.bin;C:\Program Files\nodejs;C:\Program Files\Git\mingw64\bin;C:\Program Files\Git\usr\bin;C:\Users\Hampton\bin;C:\Program Files\AdoptOpenJDK\jdk-11.0.10.9-hotspot\bin;C:\Windows\system32;C:\Windows;C:\Windows\System32\Wbem;C:\Windows\System32\WindowsPowerShell\v1.0;C:\Windows\System32\OpenSSH;C:\Program Files (x86)\NVIDIA Corporation\PhysX\Common;C:\Program Files\NVIDIA Corporation\NVIDIA NvDLISR;C:\ProgramData\chocolatey\bin;C:\Users\Hampton\AppData\Local\Android\Sdk\platform-tools;C:\TDM-GCC-64\bin\lwekjrowierjw;C:\msys64\mingw64\bin\lwieajriwehjrwe;C:\Program Files\Git\cmd;C:\WINDOWS\system32;C:\WINDOWS;C:\WINDOWS\System32\Wbem;C:\WINDOWS\System32\WindowsPowerShell\v1.0;C:\WINDOWS\System32\OpenSSH;C:\Program Files\Go\bin;C:\Program Files\PuTTY;C:\Program Files\MongoDB\Server\4.4\bin;C:\Python27;C:\Python27\Scripts;C:\Program Files\nodejs;C:\Users\Hampton\AppData\Local\Microsoft\WindowsApps;C:\Users\Hampton\AppData\Local\Programs\Microsoft VS Code\bin;C:\src\flutter\bin;C:\Users\Hampton\go\bin;C:\Program Files\heroku\bin;C:\Program Files\MongoDB\Server\4.4\bin;C:\msys64\mingw64\bin;C:\Users\Hampton\AppData\Roaming\npm
USERNAME=Hampton
OS=Windows_NT
PROCESSOR_IDENTIFIER=Intel64 Family 6 Model 158 Stepping 10, GenuineIntel



---------------  S Y S T E M  ---------------

OS: Windows 10 , 64 bit Build 22000 (10.0.22000.434)

CPU:total 12 (initial active 12) (6 cores per cpu, 2 threads per core) family 6 model 158 stepping 10, cmov, cx8, fxsr, mmx, sse, sse2, sse3, ssse3, sse4.1, sse4.2, popcnt, avx, avx2, aes, clmul, erms, 3dnowpref, lzcnt, ht, tsc, tscinvbit, bmi1, bmi2, adx, fma

Memory: 4k page, system-wide physical 16263M (459M free)
TotalPageFile size 40308M (AvailPageFile size 245M)
current process WorkingSet (physical memory assigned to process): 92M, peak: 98M
current process commit charge ("private bytes"): 164M, peak: 171M

vm_info: Java HotSpot(TM) 64-Bit Server VM (11.0.3+12-LTS) for windows-amd64 JRE (11.0.3+12-LTS), built on Apr  2 2019 12:43:09 by "mach5one" with MS VC++ 15.5 (VS2017)

END.
